Apr 10, 2017 6:28:47 AM q_7.logger maklog
INFO: pdwis has no girlfriend 
Apr 10, 2017 6:28:47 AM q_7.logger maklog
INFO: ydnws has no girlfriend 
Apr 10, 2017 6:28:47 AM q_7.logger maklog
INFO: earue has no girlfriend 
Apr 10, 2017 6:28:47 AM q_7.logger maklog
INFO: bxyoa has no girlfriend 
Apr 10, 2017 6:28:47 AM q_7.logger maklog
INFO: bcocn girlfriend is hxgcz
Apr 10, 2017 6:28:47 AM q_7.logger maklog
INFO: mbhlf has no girlfriend 
Apr 10, 2017 6:28:47 AM q_7.logger maklog
INFO: fwyqe has no girlfriend 
Apr 10, 2017 6:28:47 AM q_7.logger maklog
INFO: pvoeh girlfriend is kzrkx
Apr 10, 2017 6:28:47 AM q_7.logger maklog
INFO: swzbh has no girlfriend 
Apr 10, 2017 6:28:47 AM q_7.logger maklog
INFO: topug has no girlfriend 
Apr 10, 2017 6:28:47 AM q_7.logger maklog
INFO: yglaz has no girlfriend 
Apr 10, 2017 6:28:47 AM q_7.logger maklog
INFO: mvtbg has no girlfriend 
Apr 10, 2017 6:28:47 AM q_7.logger maklog
INFO: zqlfn girlfriend is movcd
Apr 10, 2017 6:28:47 AM q_7.logger maklog
INFO: kksen girlfriend is zavnc
Apr 10, 2017 6:28:47 AM q_7.logger maklog
INFO: stnxi has no girlfriend 
Apr 10, 2017 6:28:47 AM q_7.logger maklog
INFO: pfpqz girlfriend is luooo
Apr 10, 2017 6:28:47 AM q_7.logger maklog
INFO: cqmce has no girlfriend 
Apr 10, 2017 6:28:47 AM q_7.logger maklog
INFO: vhlpj has no girlfriend 
