Apr 10, 2017 7:33:39 AM q_6.logger maklog
INFO: xfmga is committed to rpyfz with happiness = 11.94591
Apr 10, 2017 7:33:39 AM q_6.logger maklog
INFO: ukbxf is committed to uvoni with happiness = 52.302586
Apr 10, 2017 7:33:39 AM q_6.logger maklog
INFO: ecubo is committed to zwejp with happiness = 5.6664267
Apr 10, 2017 7:33:39 AM q_6.logger maklog
INFO: ehtkh is committed to pwtah with happiness = 0.0
Apr 10, 2017 7:33:39 AM q_6.logger maklog
INFO: fltnj is committed to iwkpr with happiness = 42.0
Apr 10, 2017 7:33:39 AM q_6.logger maklog
INFO: ukbxf is committed to uvoni with happiness = 51.79176
Apr 10, 2017 7:33:39 AM q_6.logger maklog
INFO: xbnik is committed to zwejp with happiness = 49.890373
Apr 10, 2017 7:33:39 AM q_6.logger maklog
INFO: fltnj is committed to iwkpr with happiness = 24.0
Apr 10, 2017 7:33:39 AM q_6.logger maklog
INFO: ukbxf is committed to uvoni with happiness = 50.0
Apr 10, 2017 7:33:39 AM q_6.logger maklog
INFO: ecubo is committed to zwejp with happiness = 5.278115
Apr 10, 2017 7:33:39 AM q_6.logger maklog
INFO: ukbxf is committed to uvoni with happiness = 51.386295
Apr 10, 2017 7:33:39 AM q_6.logger maklog
INFO: xbnik is committed to zwejp with happiness = 49.07944
